2026-04-25 15:32:47-get_db-开始运行
2026-04-25 15:32:47-get_db-结束运行
2026-04-25 15:32:51-put_db-开始运行
2026-04-25 15:32:51-put_db-结束运行
2026-04-25 15:32:51-get_db-开始运行
2026-04-25 15:32:51-get_db-结束运行
2026-04-25 15:32:56-login-开始运行
2026-04-25 15:32:56-login-结束运行
2026-04-25 15:32:56-put_db-开始运行
2026-04-25 15:32:56-put_db-结束运行
2026-04-25 15:32:56-get_db-开始运行
2026-04-25 15:32:56-get_db-结束运行
2026-04-25 15:32:58-play_game-开始运行
2026-04-25 15:32:58-play_game-结束运行
2026-04-25 15:32:58-put_db-开始运行
2026-04-25 15:32:58-put_db-结束运行
2026-04-25 15:32:58-get_db-开始运行
2026-04-25 15:32:58-get_db-结束运行
2026-04-25 15:41:12-put_db-开始运行
2026-04-25 15:41:12-put_db-结束运行
2026-04-25 15:41:12-get_db-开始运行
2026-04-25 15:41:12-get_db-结束运行
2026-04-25 15:41:17-get_db-开始运行
2026-04-25 15:41:57-get_db-开始运行
2026-04-25 15:43:53-get_db-开始运行
2026-04-25 15:45:32-get_db-开始运行
2026-04-25 15:45:32-get_db-结束运行
2026-04-25 15:46:21-put_db-开始运行
2026-04-25 15:46:21-put_db-结束运行
2026-04-25 15:46:21-get_db-开始运行
2026-04-25 15:46:21-get_db-结束运行
2026-04-25 15:46:31-get_db-开始运行
2026-04-25 15:46:31-get_db-结束运行
2026-04-25 15:47:24-register-开始运行
2026-04-25 15:47:24-register-结束运行
2026-04-25 15:47:24-put_db-开始运行
2026-04-25 15:47:24-put_db-结束运行
2026-04-25 15:47:24-get_db-开始运行
2026-04-25 15:47:24-get_db-结束运行
2026-04-25 15:47:37-put_db-开始运行
2026-04-25 15:47:37-put_db-结束运行
2026-04-25 15:47:37-get_db-开始运行
2026-04-25 15:47:37-get_db-结束运行
2026-04-25 15:47:40-put_db-开始运行
2026-04-25 15:47:40-put_db-结束运行
2026-04-25 15:47:40-get_db-开始运行
2026-04-25 15:47:40-get_db-结束运行
2026-04-25 15:48:04-register-开始运行
2026-04-25 15:48:04-register-结束运行
2026-04-25 15:48:04-put_db-开始运行
2026-04-25 15:48:04-put_db-结束运行
2026-04-25 15:48:04-get_db-开始运行
2026-04-25 15:48:04-get_db-结束运行
2026-04-25 15:48:24-put_db-开始运行
2026-04-25 15:48:24-put_db-结束运行
2026-04-25 15:48:24-get_db-开始运行
2026-04-25 15:48:24-get_db-结束运行
2026-04-25 15:49:42-put_db-开始运行
2026-04-25 15:49:42-put_db-结束运行
2026-04-25 15:49:42-get_db-开始运行
2026-04-25 15:49:42-get_db-结束运行
2026-04-25 15:49:46-get_db-开始运行
2026-04-25 15:49:46-get_db-结束运行
2026-04-25 15:49:59-register-开始运行
2026-04-25 15:49:59-register-结束运行
2026-04-25 15:49:59-put_db-开始运行
2026-04-25 15:49:59-put_db-结束运行
2026-04-25 15:49:59-get_db-开始运行
2026-04-25 15:49:59-get_db-结束运行
2026-04-25 15:50:03-login-开始运行
2026-04-25 15:50:03-login-结束运行
2026-04-25 15:50:03-put_db-开始运行
2026-04-25 15:50:03-put_db-结束运行
2026-04-25 15:50:03-get_db-开始运行
2026-04-25 15:50:03-get_db-结束运行
2026-04-25 15:50:09-login-开始运行
2026-04-25 15:50:09-login-结束运行
2026-04-25 15:50:09-put_db-开始运行
2026-04-25 15:50:09-put_db-结束运行
2026-04-25 15:50:09-get_db-开始运行
2026-04-25 15:50:09-get_db-结束运行
2026-04-25 15:50:16-login-开始运行
2026-04-25 15:50:16-login-结束运行
2026-04-25 15:50:16-put_db-开始运行
2026-04-25 15:50:16-put_db-结束运行
2026-04-25 15:50:16-get_db-开始运行
2026-04-25 15:50:16-get_db-结束运行
2026-04-25 15:50:19-play_game-开始运行
2026-04-25 15:50:19-play_game-结束运行
2026-04-25 15:50:19-put_db-开始运行
2026-04-25 15:50:19-put_db-结束运行
2026-04-25 15:50:19-get_db-开始运行
2026-04-25 15:50:19-get_db-结束运行
2026-04-29 15:03:04-get_db-开始运行
2026-04-29 15:03:04-get_db-结束运行
2026-04-29 15:03:04-get_db-开始运行
2026-04-29 15:03:04-get_db-结束运行
2026-04-29 15:03:28-get_db-开始运行
2026-04-29 15:03:28-get_db-结束运行
2026-04-29 15:03:28-get_db-开始运行
2026-04-29 15:03:28-get_db-结束运行
2026-04-29 15:03:40-put_db-开始运行
2026-04-29 15:03:40-put_db-结束运行
2026-04-29 15:03:40-get_db-开始运行
2026-04-29 15:03:40-get_db-结束运行
2026-04-29 15:03:43-put_db-开始运行
2026-04-29 15:03:43-put_db-结束运行
2026-04-29 15:03:43-get_db-开始运行
2026-04-29 15:03:43-get_db-结束运行
2026-04-29 15:03:49-register-开始运行
2026-04-29 15:03:49-register-结束运行
2026-04-29 15:03:49-put_db-开始运行
2026-04-29 15:03:49-put_db-结束运行
2026-04-29 15:03:49-get_db-开始运行
2026-04-29 15:03:49-get_db-结束运行
2026-04-29 15:03:52-put_db-开始运行
2026-04-29 15:03:52-put_db-结束运行
2026-04-29 15:03:52-get_db-开始运行
2026-04-29 15:03:52-get_db-结束运行
2026-04-29 15:03:53-put_db-开始运行
2026-04-29 15:03:53-put_db-结束运行
2026-04-29 15:03:53-get_db-开始运行
2026-04-29 15:03:53-get_db-结束运行
2026-04-29 15:03:58-login-开始运行
2026-04-29 15:03:58-login-结束运行
2026-04-29 15:03:58-put_db-开始运行
2026-04-29 15:03:58-put_db-结束运行
2026-04-29 15:03:58-get_db-开始运行
2026-04-29 15:03:58-get_db-结束运行
2026-04-29 15:04:04-login-开始运行
2026-04-29 15:04:04-login-结束运行
2026-04-29 15:04:04-put_db-开始运行
2026-04-29 15:04:04-put_db-结束运行
2026-04-29 15:04:04-get_db-开始运行
2026-04-29 15:04:04-get_db-结束运行
2026-04-29 15:04:19-register-开始运行
2026-04-29 15:04:19-register-结束运行
2026-04-29 15:04:19-put_db-开始运行
2026-04-29 15:04:19-put_db-结束运行
2026-04-29 15:04:19-get_db-开始运行
2026-04-29 15:04:19-get_db-结束运行
2026-04-29 15:04:25-login-开始运行
2026-04-29 15:04:25-login-结束运行
2026-04-29 15:04:25-put_db-开始运行
2026-04-29 15:04:25-put_db-结束运行
2026-04-29 15:04:25-get_db-开始运行
2026-04-29 15:04:25-get_db-结束运行
2026-04-29 15:04:36-put_db-开始运行
2026-04-29 15:04:36-put_db-结束运行
2026-04-29 15:04:36-get_db-开始运行
2026-04-29 15:04:36-get_db-结束运行
2026-04-29 15:06:48-put_db-开始运行
2026-04-29 15:06:48-put_db-结束运行
2026-04-29 15:06:48-get_db-开始运行
2026-04-29 15:06:48-get_db-结束运行
2026-04-29 15:19:56-put_db-开始运行
2026-04-29 15:19:56-put_db-结束运行
2026-04-29 15:19:56-get_db-开始运行
2026-04-29 15:19:56-get_db-结束运行
2026-04-29 15:33:09-get_db-开始运行
2026-04-29 15:33:09-get_db-结束运行
2026-04-29 15:33:09-put_db-开始运行
2026-04-29 15:33:09-put_db-结束运行
2026-04-29 15:33:09-get_db-开始运行
2026-04-29 15:33:09-get_db-结束运行
2026-04-29 15:33:09-register-开始运行
2026-04-29 15:33:09-register-结束运行
2026-04-29 15:33:09-put_db-开始运行
2026-04-29 15:33:09-put_db-结束运行
2026-04-29 15:33:12-get_db-开始运行
2026-04-29 15:33:12-get_db-结束运行
2026-04-29 15:33:12-login-开始运行
2026-04-29 15:33:12-login-结束运行
2026-04-29 15:33:12-put_db-开始运行
2026-04-29 15:33:12-put_db-结束运行
2026-04-29 15:33:14-get_db-开始运行
2026-04-29 15:33:14-get_db-结束运行
2026-04-29 15:33:14-login-开始运行
2026-04-29 15:33:14-login-结束运行
2026-04-29 15:33:14-put_db-开始运行
2026-04-29 15:33:14-put_db-结束运行
2026-04-29 15:33:16-get_db-开始运行
2026-04-29 15:33:16-get_db-结束运行
2026-04-29 15:33:16-put_db-开始运行
2026-04-29 15:33:16-put_db-结束运行
2026-04-29 15:33:17-get_db-开始运行
2026-04-29 15:33:17-get_db-结束运行
2026-04-29 15:33:17-login-开始运行
2026-04-29 15:33:17-login-结束运行
2026-04-29 15:33:17-put_db-开始运行
2026-04-29 15:33:17-put_db-结束运行
2026-04-29 15:34:31-get_db-开始运行
2026-04-29 15:34:31-get_db-结束运行
2026-04-29 15:34:31-get_db-开始运行
2026-04-29 15:34:31-get_db-结束运行
2026-04-29 15:36:38-get_db-开始运行
2026-04-29 15:36:38-get_db-结束运行
2026-04-29 15:36:38-login-开始运行
2026-04-29 15:36:38-login-结束运行
2026-04-29 15:36:38-put_db-开始运行
2026-04-29 15:36:38-put_db-结束运行
2026-04-29 15:36:43-get_db-开始运行
2026-04-29 15:36:43-get_db-结束运行
2026-04-29 15:36:43-put_db-开始运行
2026-04-29 15:36:43-put_db-结束运行
2026-04-29 15:36:46-get_db-开始运行
2026-04-29 15:36:46-get_db-结束运行
2026-04-29 15:36:46-put_db-开始运行
2026-04-29 15:36:46-put_db-结束运行
2026-04-29 15:36:46-get_db-开始运行
2026-04-29 15:36:46-get_db-结束运行
2026-04-29 15:36:46-login-开始运行
2026-04-29 15:36:49-get_db-开始运行
2026-04-29 15:36:49-get_db-结束运行
2026-04-29 15:36:49-put_db-开始运行
2026-04-29 15:36:49-put_db-结束运行
2026-04-29 15:36:49-get_db-开始运行
2026-04-29 15:36:49-get_db-结束运行
2026-04-29 15:36:49-put_db-开始运行
2026-04-29 15:36:49-put_db-结束运行
2026-04-29 15:36:51-get_db-开始运行
2026-04-29 15:36:51-get_db-结束运行
2026-04-29 15:36:51-put_db-开始运行
2026-04-29 15:36:51-put_db-结束运行
2026-04-29 15:36:52-get_db-开始运行
2026-04-29 15:36:52-get_db-结束运行
2026-04-29 15:36:52-put_db-开始运行
2026-04-29 15:36:52-put_db-结束运行
2026-04-29 15:36:52-get_db-开始运行
2026-04-29 15:36:52-get_db-结束运行
2026-04-29 15:36:52-put_db-开始运行
2026-04-29 15:36:52-put_db-结束运行
2026-04-29 15:36:52-get_db-开始运行
2026-04-29 15:36:52-get_db-结束运行
2026-04-29 15:36:52-put_db-开始运行
2026-04-29 15:36:52-put_db-结束运行
2026-04-29 15:36:53-get_db-开始运行
2026-04-29 15:36:53-get_db-结束运行
2026-04-29 15:36:53-put_db-开始运行
2026-04-29 15:36:53-put_db-结束运行
2026-04-29 15:36:53-get_db-开始运行
2026-04-29 15:36:53-get_db-结束运行
2026-04-29 15:36:53-put_db-开始运行
2026-04-29 15:36:53-put_db-结束运行
